<?xml version="1.0" encoding="UTF-8"?>
<!-- Generated by org.testng.reporters.JUnitXMLReporter -->
<testsuite ignored="0" hostname="DESKTOP-TMVU1QC" failures="0" tests="1" name="Chrome Test" time="0.251" errors="0" timestamp="2025-07-23T04:09:14 GMT+12:00">
  <testcase classname="testcases.basetest" name="@BeforeTest setup" time="0.051">
    <failure type="java.io.FileNotFoundException" message=".\src\test\java\config.properties (The system cannot find the file specified)">
      <![CDATA[java.io.FileNotFoundException: .\src\test\java\config.properties (The system cannot find the file specified)
at java.base/java.io.FileInputStream.open0(Native Method)
at java.base/java.io.FileInputStream.open(FileInputStream.java:185)
at java.base/java.io.FileInputStream.<init>(FileInputStream.java:139)
at java.base/java.io.FileInputStream.<init>(FileInputStream.java:109)
at java.base/java.io.FileReader.<init>(FileReader.java:60)
at testcases.basetest.setup(basetest.java:36)
at java.base/java.util.concurrent.FutureTask.run(FutureTask.java:328)
at java.base/java.util.concurrent.ThreadPoolExecutor.runWorker(ThreadPoolExecutor.java:1095)
at java.base/java.util.concurrent.ThreadPoolExecutor$Worker.run(ThreadPoolExecutor.java:619)
at java.base/java.lang.Thread.run(Thread.java:1447)
... Removed 12 stack frames]]>
    </failure>
  </testcase> <!-- @BeforeTest setup -->
  <testcase classname="testcases.basetest" name="@BeforeTest setup" time="0.068">
    <failure type="java.io.FileNotFoundException" message=".\src\test\java\config.properties (The system cannot find the file specified)">
      <![CDATA[java.io.FileNotFoundException: .\src\test\java\config.properties (The system cannot find the file specified)
at java.base/java.io.FileInputStream.open0(Native Method)
at java.base/java.io.FileInputStream.open(FileInputStream.java:185)
at java.base/java.io.FileInputStream.<init>(FileInputStream.java:139)
at java.base/java.io.FileInputStream.<init>(FileInputStream.java:109)
at java.base/java.io.FileReader.<init>(FileReader.java:60)
at testcases.basetest.setup(basetest.java:36)
at java.base/java.util.concurrent.FutureTask.run(FutureTask.java:328)
at java.base/java.util.concurrent.ThreadPoolExecutor.runWorker(ThreadPoolExecutor.java:1095)
at java.base/java.util.concurrent.ThreadPoolExecutor$Worker.run(ThreadPoolExecutor.java:619)
at java.base/java.lang.Thread.run(Thread.java:1447)
... Removed 12 stack frames]]>
    </failure>
  </testcase> <!-- @BeforeTest setup -->
  <testcase classname="testcases.basetest" name="@AfterTest teardown" time="0.0">
    <skipped/>
  </testcase> <!-- @AfterTest teardown -->
  <testcase classname="testcases.basetest" name="@AfterTest teardown" time="0.0">
    <skipped/>
  </testcase> <!-- @AfterTest teardown -->
  <testcase classname="testcases.logintest" name="logintestpagee" time="0.0">
    <skipped/>
  </testcase> <!-- logintestpagee -->
</testsuite> <!-- Chrome Test -->
