<?xml version="1.0" encoding="UTF-8"?>
<!-- Generated by org.testng.reporters.JUnitXMLReporter -->
<testsuite ignored="0" hostname="DESKTOP-TMVU1QC" failures="0" tests="1" name="master" time="0.093" errors="0" timestamp="2025-07-23T17:44:51 GMT+12:00">
  <testcase classname="testcases.basetest" name="@BeforeClass setup" time="0.022">
    <failure type="java.lang.AssertionError" message="Test setup failed: .\src\test\java\config.properties (The system cannot find the file specified)">
      <![CDATA[java.lang.AssertionError: Test setup failed: .\src\test\java\config.properties (The system cannot find the file specified)
at testcases.basetest.setup(basetest.java:56)
at java.base/java.util.ArrayList.forEach(ArrayList.java:1604)
... Removed 24 stack frames]]>
    </failure>
  </testcase> <!-- @BeforeClass setup -->
  <testcase classname="testcases.basetest" name="@AfterClass teardown" time="0.0">
    <skipped/>
  </testcase> <!-- @AfterClass teardown -->
  <testcase classname="testcases.logintest" name="logintestpagee" time="0.0">
    <skipped/>
  </testcase> <!-- logintestpagee -->
</testsuite> <!-- master -->
