<?xml version="1.0" encoding="UTF-8"?>
<!-- Generated by org.testng.reporters.JUnitXMLReporter -->
<testsuite ignored="0" hostname="DESKTOP-TMVU1QC" failures="0" tests="1" name="Test" time="0.353" errors="0" timestamp="2025-10-03T11:24:45 IST">
  <testcase classname="testcases.basetest" name="@BeforeClass setup" time="0.093">
    <failure type="java.lang.NullPointerException" message="Cannot invoke &amp;quot;org.openqa.selenium.WebDriver.manage()&amp;quot; because &amp;quot;this.driver&amp;quot; is null">
      <![CDATA[java.lang.NullPointerException: Cannot invoke "org.openqa.selenium.WebDriver.manage()" because "this.driver" is null
at testcases.basetest.setup(basetest.java:24)
at java.base/java.util.ArrayList.forEach(ArrayList.java:1604)
... Removed 23 stack frames]]>
    </failure>
  </testcase> <!-- @BeforeClass setup -->
  <testcase classname="testcases.basetest" name="@AfterClass teardown" time="0.0">
    <skipped/>
  </testcase> <!-- @AfterClass teardown -->
  <testcase classname="testcases.AccountRegistractiontest" name="testaccountpage" time="0.001">
    <skipped/>
  </testcase> <!-- testaccountpage -->
</testsuite> <!-- Test -->
