<?xml version="1.0" encoding="UTF-8"?>
<testng-results ignored="0" total="1" passed="1" failed="0" skipped="0">
  <reporter-output>
  </reporter-output>
  <suite started-at="2026-02-15T12:58:04 IST" name="Suite" finished-at="2026-02-15T12:58:11 IST" duration-ms="6813">
    <groups>
    </groups>
    <test started-at="2026-02-15T12:58:04 IST" name="Login Test" finished-at="2026-02-15T12:58:11 IST" duration-ms="6813">
      <class name="Tests.Logintest">
        <test-method is-config="true" signature="setuppage()[pri:0, instance:Tests.Logintest@4cc451f2]" started-at="2026-02-15T12:58:04 IST" name="setuppage" finished-at="2026-02-15T12:58:09 IST" duration-ms="4821" status="PASS">
          <reporter-output>
          </reporter-output>
        </test-method> <!-- setuppage -->
        <test-method signature="testloginpage()[pri:0, instance:Tests.Logintest@4cc451f2]" started-at="2026-02-15T12:58:09 IST" name="testloginpage" finished-at="2026-02-15T12:58:10 IST" duration-ms="1292" status="PASS">
          <reporter-output>
          </reporter-output>
        </test-method> <!-- testloginpage -->
        <test-method is-config="true" signature="teardown()[pri:0, instance:Tests.Logintest@4cc451f2]" started-at="2026-02-15T12:58:10 IST" name="teardown" finished-at="2026-02-15T12:58:11 IST" duration-ms="632" status="PASS">
          <reporter-output>
          </reporter-output>
        </test-method> <!-- teardown -->
      </class> <!-- Tests.Logintest -->
    </test> <!-- Login Test -->
  </suite> <!-- Suite -->
</testng-results>
